2025-07-02 09:39:53,033 - ERROR - Error loading token list from --config: [Errno 2] No such file or directory: '--config'
2025-07-02 09:39:53,033 - INFO - Starting Open Interest Monitor...
2025-07-02 09:39:53,033 - INFO - Monitoring interval: 300 seconds
2025-07-02 09:39:53,033 - INFO - Spike threshold: 30.0%
2025-07-02 09:39:54,305 - INFO - Telegram message sent successfully
2025-07-02 09:39:54,307 - INFO - Starting monitoring cycle...
2025-07-02 09:40:06,601 - INFO - Monitoring cycle completed. Processed 9 symbols, generated 0 alerts
2025-07-02 09:45:06,607 - INFO - Starting monitoring cycle...
2025-07-02 09:45:18,751 - INFO - Monitoring cycle completed. Processed 9 symbols, generated 0 alerts
2025-07-02 09:50:18,757 - INFO - Starting monitoring cycle...
2025-07-02 09:50:31,006 - INFO - Monitoring cycle completed. Processed 9 symbols, generated 0 alerts
2025-07-02 10:01:59,887 - ERROR - Error loading token list from --config: [Errno 2] No such file or directory: '--config'
2025-07-02 10:01:59,887 - INFO - Loaded historical data for 9 symbols
2025-07-02 10:01:59,887 - INFO - Starting Open Interest Monitor...
2025-07-02 10:01:59,887 - INFO - Monitoring interval: 300 seconds
2025-07-02 10:01:59,887 - INFO - Spike threshold: 30.0%
2025-07-02 10:02:01,233 - INFO - Telegram message sent successfully
2025-07-02 10:02:01,235 - INFO - Starting monitoring cycle...
2025-07-02 10:02:16,503 - ERROR - Error saving historical data: 'str' object has no attribute 'isoformat'
2025-07-02 10:02:16,504 - ERROR - Error in monitoring cycle: '>' not supported between instances of 'str' and 'datetime.datetime'
2025-07-02 10:02:17,886 - INFO - Telegram message sent successfully
2025-07-02 10:07:15,556 - INFO - Loaded token config: {'exchange': 'bybit', 'symbol': 'SAHARA/USDT:USDT', 'group_id': '', 'enable_depth_monitor': False, 'depth_alert_interval': 900, 'min_depth_notional': 50000, 'enable_large_trades': True, 'min_trade_amount': 10000, 'enable_ema_ratio': True, 'ema_window': 15, 'ema_timeframe': 300}
2025-07-02 10:07:15,556 - INFO - Extracted single symbol: ['SAHARAUSDTUSDT']
2025-07-02 10:07:15,556 - INFO - Monitoring specific tokens: ['SAHARAUSDTUSDT']
2025-07-02 10:07:15,556 - INFO - Loaded historical data for 9 symbols
2025-07-02 10:07:15,557 - INFO - Loaded token config: {'symbols': ['BTCUSDT', 'ETHUSDT', 'SAHARAUSDT']}
2025-07-02 10:07:15,557 - INFO - Extracted symbols list: ['BTCUSDT', 'ETHUSDT', 'SAHARAUSDT']
2025-07-02 10:07:15,557 - INFO - Monitoring specific tokens: ['BTCUSDT', 'ETHUSDT', 'SAHARAUSDT']
2025-07-02 10:07:15,557 - INFO - Loaded historical data for 9 symbols
2025-07-02 10:07:15,557 - INFO - Monitoring default token list
2025-07-02 10:07:15,557 - INFO - Loaded historical data for 9 symbols
2025-07-02 10:07:39,858 - INFO - Loaded token config: {'exchange': 'bybit', 'symbol': 'SAHARA/USDT:USDT', 'group_id': '', 'enable_depth_monitor': False, 'depth_alert_interval': 900, 'min_depth_notional': 50000, 'enable_large_trades': True, 'min_trade_amount': 10000, 'enable_ema_ratio': True, 'ema_window': 15, 'ema_timeframe': 300}
2025-07-02 10:07:39,859 - INFO - Extracted single symbol: ['SAHARAUSDTUSDT']
2025-07-02 10:07:39,859 - INFO - Monitoring specific tokens: ['SAHARAUSDTUSDT']
2025-07-02 10:07:39,859 - INFO - Loaded historical data for 9 symbols
2025-07-02 10:07:39,860 - INFO - Loaded token config: {'symbols': ['BTCUSDT', 'ETHUSDT', 'SAHARAUSDT']}
2025-07-02 10:07:39,860 - INFO - Extracted symbols list: ['BTCUSDT', 'ETHUSDT', 'SAHARAUSDT']
2025-07-02 10:07:39,860 - INFO - Monitoring specific tokens: ['BTCUSDT', 'ETHUSDT', 'SAHARAUSDT']
2025-07-02 10:07:39,860 - INFO - Loaded historical data for 9 symbols
2025-07-02 10:07:39,860 - INFO - Monitoring default token list
2025-07-02 10:07:39,860 - INFO - Loaded historical data for 9 symbols
2025-07-02 10:08:14,186 - INFO - Loaded token config: {'exchange': 'bybit', 'symbol': 'SAHARA/USDT:USDT', 'group_id': '', 'enable_depth_monitor': False, 'depth_alert_interval': 900, 'min_depth_notional': 50000, 'enable_large_trades': True, 'min_trade_amount': 10000, 'enable_ema_ratio': True, 'ema_window': 15, 'ema_timeframe': 300}
2025-07-02 10:08:14,186 - INFO - Extracted single symbol: ['SAHARAUSDT']
2025-07-02 10:08:14,186 - INFO - Monitoring specific tokens: ['SAHARAUSDT']
2025-07-02 10:08:14,187 - INFO - Loaded historical data for 9 symbols
2025-07-02 10:08:14,187 - INFO - Loaded token config: {'symbols': ['BTCUSDT', 'ETHUSDT', 'SAHARAUSDT']}
2025-07-02 10:08:14,187 - INFO - Extracted symbols list: ['BTCUSDT', 'ETHUSDT', 'SAHARAUSDT']
2025-07-02 10:08:14,187 - INFO - Monitoring specific tokens: ['BTCUSDT', 'ETHUSDT', 'SAHARAUSDT']
2025-07-02 10:08:14,187 - INFO - Loaded historical data for 9 symbols
2025-07-02 10:08:14,187 - INFO - Monitoring default token list
2025-07-02 10:08:14,188 - INFO - Loaded historical data for 9 symbols
2025-07-02 10:09:32,342 - ERROR - Error loading token list from --config: [Errno 2] No such file or directory: '--config'
2025-07-02 10:09:32,342 - INFO - Monitoring default token list
2025-07-02 10:09:32,342 - INFO - Loaded historical data for 9 symbols
2025-07-02 10:09:32,342 - INFO - Starting Open Interest Monitor...
2025-07-02 10:09:32,342 - INFO - Monitoring interval: 300 seconds
2025-07-02 10:09:32,342 - INFO - Spike threshold: 30.0%
2025-07-02 10:09:33,692 - INFO - Telegram message sent successfully
2025-07-02 10:09:33,694 - INFO - Starting monitoring cycle...
2025-07-02 10:09:45,062 - INFO - Monitoring cycle completed. Processed 9 symbols, generated 0 alerts
2025-07-02 10:19:06,627 - INFO - Loaded token config: {'exchange': 'bybit', 'symbol': 'BTC/USDT'}
2025-07-02 10:19:06,628 - INFO - Extracted single symbol: ['BTCUSDT']
2025-07-02 10:19:06,628 - INFO - Monitoring specific tokens: ['BTCUSDT']
2025-07-02 10:19:06,628 - INFO - Loaded historical data for 9 symbols
2025-07-02 10:19:06,628 - INFO - Starting Open Interest Monitor...
2025-07-02 10:19:06,628 - INFO - Monitoring interval: 300 seconds
2025-07-02 10:19:06,628 - INFO - Spike threshold: 30.0%
2025-07-02 10:19:07,921 - INFO - Telegram message sent successfully
2025-07-02 10:19:07,922 - INFO - Starting monitoring cycle...
2025-07-02 10:19:09,261 - INFO - Monitoring cycle completed. Processed 1 symbols, generated 0 alerts
2025-07-02 10:24:09,269 - INFO - Starting monitoring cycle...
2025-07-02 10:24:10,607 - INFO - Monitoring cycle completed. Processed 1 symbols, generated 0 alerts
2025-07-02 10:33:38,489 - INFO - Loaded token config: {'exchange': 'bybit', 'symbol': 'SAHARA/USDT'}
2025-07-02 10:33:38,489 - INFO - Extracted single symbol: ['SAHARAUSDT']
2025-07-02 10:33:38,489 - INFO - Monitoring specific tokens: ['SAHARAUSDT']
2025-07-02 10:33:38,490 - INFO - Loaded historical data for 9 symbols
2025-07-02 10:33:38,490 - INFO - Starting Open Interest Monitor...
2025-07-02 10:33:38,490 - INFO - Monitoring interval: 300 seconds
2025-07-02 10:33:38,490 - INFO - Spike threshold: 30.0%
2025-07-02 10:33:38,493 - INFO - Loaded token config: {'exchange': 'bybit', 'symbol': 'CUDIS/USDT'}
2025-07-02 10:33:38,493 - INFO - Loaded token config: {'exchange': 'bybit', 'symbol': 'MAV/USDT'}
2025-07-02 10:33:38,493 - INFO - Extracted single symbol: ['MAVUSDT']
2025-07-02 10:33:38,493 - INFO - Extracted single symbol: ['CUDISUSDT']
2025-07-02 10:33:38,493 - INFO - Monitoring specific tokens: ['CUDISUSDT']
2025-07-02 10:33:38,493 - INFO - Monitoring specific tokens: ['MAVUSDT']
2025-07-02 10:33:38,493 - INFO - Loaded token config: {'exchange': 'bybit', 'symbol': 'H/USDT'}
2025-07-02 10:33:38,494 - INFO - Extracted single symbol: ['HUSDT']
2025-07-02 10:33:38,494 - INFO - Monitoring specific tokens: ['HUSDT']
2025-07-02 10:33:38,494 - INFO - Loaded historical data for 9 symbols
2025-07-02 10:33:38,494 - INFO - Loaded historical data for 9 symbols
2025-07-02 10:33:38,494 - INFO - Starting Open Interest Monitor...
2025-07-02 10:33:38,494 - INFO - Starting Open Interest Monitor...
2025-07-02 10:33:38,494 - INFO - Monitoring interval: 300 seconds
2025-07-02 10:33:38,494 - INFO - Monitoring interval: 300 seconds
2025-07-02 10:33:38,494 - INFO - Spike threshold: 30.0%
2025-07-02 10:33:38,494 - INFO - Spike threshold: 30.0%
2025-07-02 10:33:38,495 - INFO - Loaded historical data for 9 symbols
2025-07-02 10:33:38,495 - INFO - Starting Open Interest Monitor...
2025-07-02 10:33:38,495 - INFO - Monitoring interval: 300 seconds
2025-07-02 10:33:38,495 - INFO - Spike threshold: 30.0%
2025-07-02 10:33:38,497 - INFO - Loaded token config: {'exchange': 'bybit', 'symbol': 'DMC/USDT'}
2025-07-02 10:33:38,497 - INFO - Extracted single symbol: ['DMCUSDT']
2025-07-02 10:33:38,497 - INFO - Monitoring specific tokens: ['DMCUSDT']
2025-07-02 10:33:38,498 - INFO - Loaded historical data for 9 symbols
2025-07-02 10:33:38,498 - INFO - Starting Open Interest Monitor...
2025-07-02 10:33:38,499 - INFO - Monitoring interval: 300 seconds
2025-07-02 10:33:38,499 - INFO - Spike threshold: 30.0%
2025-07-02 10:33:38,501 - INFO - Loaded token config: {'exchange': 'bybit', 'symbol': 'MORE/USDT'}
2025-07-02 10:33:38,502 - INFO - Extracted single symbol: ['MOREUSDT']
2025-07-02 10:33:38,502 - INFO - Monitoring specific tokens: ['MOREUSDT']
2025-07-02 10:33:38,503 - INFO - Loaded historical data for 9 symbols
2025-07-02 10:33:38,503 - INFO - Loaded token config: {'exchange': 'bybit', 'symbol': 'MILK/USDT'}
2025-07-02 10:33:38,503 - INFO - Extracted single symbol: ['MILKUSDT']
2025-07-02 10:33:38,503 - INFO - Monitoring specific tokens: ['MILKUSDT']
2025-07-02 10:33:38,503 - INFO - Starting Open Interest Monitor...
2025-07-02 10:33:38,504 - INFO - Monitoring interval: 300 seconds
2025-07-02 10:33:38,504 - INFO - Spike threshold: 30.0%
2025-07-02 10:33:38,504 - INFO - Loaded historical data for 9 symbols
2025-07-02 10:33:38,504 - INFO - Starting Open Interest Monitor...
2025-07-02 10:33:38,504 - INFO - Monitoring interval: 300 seconds
2025-07-02 10:33:38,504 - INFO - Spike threshold: 30.0%
2025-07-02 10:33:39,786 - INFO - Telegram message sent successfully
2025-07-02 10:33:39,790 - INFO - Starting monitoring cycle...
2025-07-02 10:33:39,825 - INFO - Telegram message sent successfully
2025-07-02 10:33:39,826 - INFO - Starting monitoring cycle...
2025-07-02 10:33:39,852 - INFO - Telegram message sent successfully
2025-07-02 10:33:39,853 - INFO - Starting monitoring cycle...
2025-07-02 10:33:39,886 - INFO - Telegram message sent successfully
2025-07-02 10:33:39,887 - INFO - Starting monitoring cycle...
2025-07-02 10:33:39,917 - INFO - Telegram message sent successfully
2025-07-02 10:33:39,918 - INFO - Starting monitoring cycle...
2025-07-02 10:33:40,621 - INFO - Monitoring cycle completed. Processed 0 symbols, generated 0 alerts
2025-07-02 10:33:41,145 - INFO - Monitoring cycle completed. Processed 1 symbols, generated 0 alerts
2025-07-02 10:33:41,145 - INFO - Monitoring cycle completed. Processed 1 symbols, generated 0 alerts
2025-07-02 10:33:41,146 - INFO - Monitoring cycle completed. Processed 1 symbols, generated 0 alerts
2025-07-02 10:33:41,147 - INFO - Monitoring cycle completed. Processed 1 symbols, generated 0 alerts
2025-07-02 10:33:45,134 - INFO - Telegram message sent successfully
2025-07-02 10:33:45,136 - INFO - Starting monitoring cycle...
2025-07-02 10:33:45,155 - INFO - Telegram message sent successfully
2025-07-02 10:33:45,157 - INFO - Starting monitoring cycle...
2025-07-02 10:33:45,799 - INFO - Monitoring cycle completed. Processed 0 symbols, generated 0 alerts
2025-07-02 10:33:46,458 - INFO - Monitoring cycle completed. Processed 1 symbols, generated 0 alerts
2025-07-02 10:36:49,192 - INFO - Loaded token config: {'exchange': 'bybit', 'symbol': 'SAHARA/USDT:USDT', 'group_id': '', 'enable_depth_monitor': False, 'depth_alert_interval': 900, 'min_depth_notional': 50000, 'enable_large_trades': True, 'min_trade_amount': 10000, 'enable_ema_ratio': True, 'ema_window': 15, 'ema_timeframe': 300}
2025-07-02 10:36:49,192 - INFO - Extracted single symbol: ['SAHARAUSDT']
2025-07-02 10:36:49,192 - INFO - Monitoring specific tokens: ['SAHARAUSDT']
2025-07-02 10:36:49,193 - INFO - Loaded historical data for 10 symbols
2025-07-02 10:36:49,193 - INFO - Loaded token config: {'symbols': ['BTCUSDT', 'ETHUSDT', 'SAHARAUSDT']}
2025-07-02 10:36:49,193 - INFO - Extracted symbols list: ['BTCUSDT', 'ETHUSDT', 'SAHARAUSDT']
2025-07-02 10:36:49,193 - INFO - Monitoring specific tokens: ['BTCUSDT', 'ETHUSDT', 'SAHARAUSDT']
2025-07-02 10:36:49,193 - INFO - Loaded historical data for 10 symbols
2025-07-02 10:36:49,193 - INFO - Monitoring default token list
2025-07-02 10:36:49,194 - INFO - Loaded historical data for 10 symbols
2025-07-02 10:37:48,821 - INFO - Loaded token config: {'exchange': 'bybit', 'symbol': 'MAV/USDT'}
2025-07-02 10:37:48,822 - INFO - Extracted single symbol: ['MAVUSDT']
2025-07-02 10:37:48,822 - INFO - Monitoring specific tokens: ['MAVUSDT']
2025-07-02 10:37:48,822 - INFO - Loaded historical data for 10 symbols
2025-07-02 10:37:48,822 - INFO - Loaded token config: {'exchange': 'bybit', 'symbols': ['MILKUSDT', 'HUSDT', 'MOREUSDT', 'SAHARAUSDT', 'DMCUSDT', 'MAVUSDT', 'CUDISUSDT']}
2025-07-02 10:37:48,823 - INFO - Extracted symbols list: ['MILKUSDT', 'HUSDT', 'MOREUSDT', 'SAHARAUSDT', 'DMCUSDT', 'MAVUSDT', 'CUDISUSDT']
2025-07-02 10:37:48,823 - INFO - Monitoring specific tokens: ['MILKUSDT', 'HUSDT', 'MOREUSDT', 'SAHARAUSDT', 'DMCUSDT', 'MAVUSDT', 'CUDISUSDT']
2025-07-02 10:37:48,823 - INFO - Loaded historical data for 10 symbols
2025-07-02 10:38:20,226 - INFO - Loaded token config: {'exchange': 'bybit', 'symbol': 'MORE/USDT'}
2025-07-02 10:38:20,227 - INFO - Extracted single symbol: ['MOREUSDT']
2025-07-02 10:38:20,227 - INFO - Monitoring specific tokens: ['MOREUSDT']
2025-07-02 10:38:20,228 - INFO - Loaded token config: {'exchange': 'bybit', 'symbol': 'SAHARA/USDT'}
2025-07-02 10:38:20,228 - INFO - Extracted single symbol: ['SAHARAUSDT']
2025-07-02 10:38:20,228 - INFO - Loaded historical data for 10 symbols
2025-07-02 10:38:20,228 - INFO - Starting Open Interest Monitor...
2025-07-02 10:38:20,228 - INFO - Monitoring specific tokens: ['SAHARAUSDT']
2025-07-02 10:38:20,228 - INFO - Monitoring interval: 300 seconds
2025-07-02 10:38:20,228 - INFO - Spike threshold: 30.0%
2025-07-02 10:38:20,229 - INFO - Loaded historical data for 10 symbols
2025-07-02 10:38:20,229 - INFO - Starting Open Interest Monitor...
2025-07-02 10:38:20,229 - INFO - Monitoring interval: 300 seconds
2025-07-02 10:38:20,229 - INFO - Spike threshold: 30.0%
2025-07-02 10:38:20,229 - INFO - Loaded token config: {'exchange': 'bybit', 'symbol': 'MAV/USDT'}
2025-07-02 10:38:20,229 - INFO - Extracted single symbol: ['MAVUSDT']
2025-07-02 10:38:20,229 - INFO - Monitoring specific tokens: ['MAVUSDT']
2025-07-02 10:38:20,229 - INFO - Loaded token config: {'exchange': 'bybit', 'symbol': 'DMC/USDT'}
2025-07-02 10:38:20,230 - INFO - Extracted single symbol: ['DMCUSDT']
2025-07-02 10:38:20,230 - INFO - Monitoring specific tokens: ['DMCUSDT']
2025-07-02 10:38:20,230 - INFO - Loaded historical data for 10 symbols
2025-07-02 10:38:20,230 - INFO - Starting Open Interest Monitor...
2025-07-02 10:38:20,230 - INFO - Monitoring interval: 300 seconds
2025-07-02 10:38:20,230 - INFO - Loaded historical data for 10 symbols
2025-07-02 10:38:20,230 - INFO - Spike threshold: 30.0%
2025-07-02 10:38:20,230 - INFO - Starting Open Interest Monitor...
2025-07-02 10:38:20,231 - INFO - Monitoring interval: 300 seconds
2025-07-02 10:38:20,231 - INFO - Spike threshold: 30.0%
2025-07-02 10:38:20,231 - INFO - Loaded token config: {'exchange': 'bybit', 'symbol': 'MILK/USDT'}
2025-07-02 10:38:20,231 - INFO - Extracted single symbol: ['MILKUSDT']
2025-07-02 10:38:20,232 - INFO - Monitoring specific tokens: ['MILKUSDT']
2025-07-02 10:38:20,233 - INFO - Loaded historical data for 10 symbols
2025-07-02 10:38:20,234 - INFO - Starting Open Interest Monitor...
2025-07-02 10:38:20,234 - INFO - Monitoring interval: 300 seconds
2025-07-02 10:38:20,234 - INFO - Spike threshold: 30.0%
2025-07-02 10:38:20,233 - INFO - Loaded token config: {'exchange': 'bybit', 'symbol': 'CUDIS/USDT'}
2025-07-02 10:38:20,235 - INFO - Extracted single symbol: ['CUDISUSDT']
2025-07-02 10:38:20,236 - INFO - Monitoring specific tokens: ['CUDISUSDT']
2025-07-02 10:38:20,237 - INFO - Loaded historical data for 10 symbols
2025-07-02 10:38:20,237 - INFO - Starting Open Interest Monitor...
2025-07-02 10:38:20,237 - INFO - Monitoring interval: 300 seconds
2025-07-02 10:38:20,237 - INFO - Spike threshold: 30.0%
2025-07-02 10:38:20,240 - INFO - Loaded token config: {'exchange': 'bybit', 'symbol': 'H/USDT'}
2025-07-02 10:38:20,240 - INFO - Extracted single symbol: ['HUSDT']
2025-07-02 10:38:20,241 - INFO - Monitoring specific tokens: ['HUSDT']
2025-07-02 10:38:20,242 - INFO - Loaded historical data for 10 symbols
2025-07-02 10:38:20,242 - INFO - Starting Open Interest Monitor...
2025-07-02 10:38:20,242 - INFO - Monitoring interval: 300 seconds
2025-07-02 10:38:20,244 - INFO - Spike threshold: 30.0%
2025-07-02 10:38:21,512 - INFO - Telegram message sent successfully
2025-07-02 10:38:21,514 - INFO - Starting monitoring cycle...
2025-07-02 10:38:21,543 - INFO - Telegram message sent successfully
2025-07-02 10:38:21,544 - INFO - Starting monitoring cycle...
2025-07-02 10:38:21,571 - INFO - Telegram message sent successfully
2025-07-02 10:38:21,572 - INFO - Starting monitoring cycle...
2025-07-02 10:38:21,600 - INFO - Telegram message sent successfully
2025-07-02 10:38:21,601 - INFO - Starting monitoring cycle...
2025-07-02 10:38:21,636 - INFO - Telegram message sent successfully
2025-07-02 10:38:21,637 - INFO - Starting monitoring cycle...
2025-07-02 10:38:22,317 - INFO - Monitoring cycle completed. Processed 0 symbols, generated 0 alerts
2025-07-02 10:38:22,819 - INFO - Monitoring cycle completed. Processed 1 symbols, generated 0 alerts
2025-07-02 10:38:22,821 - INFO - Monitoring cycle completed. Processed 1 symbols, generated 0 alerts
2025-07-02 10:38:22,824 - INFO - Monitoring cycle completed. Processed 1 symbols, generated 0 alerts
2025-07-02 10:38:22,886 - INFO - Monitoring cycle completed. Processed 1 symbols, generated 0 alerts
2025-07-02 10:38:26,859 - INFO - Telegram message sent successfully
2025-07-02 10:38:26,861 - INFO - Starting monitoring cycle...
2025-07-02 10:38:26,884 - INFO - Telegram message sent successfully
2025-07-02 10:38:26,885 - INFO - Starting monitoring cycle...
2025-07-02 10:38:27,483 - INFO - Monitoring cycle completed. Processed 0 symbols, generated 0 alerts
2025-07-02 10:38:28,114 - INFO - Monitoring cycle completed. Processed 1 symbols, generated 0 alerts
2025-07-02 10:40:10,531 - INFO - Loaded token config: {'exchange': 'bybit', 'symbols': ['MILKUSDT', 'HUSDT', 'MOREUSDT', 'SAHARAUSDT', 'DMCUSDT', 'MAVUSDT', 'CUDISUSDT']}
2025-07-02 10:40:10,531 - INFO - Extracted symbols list: ['MILKUSDT', 'HUSDT', 'MOREUSDT', 'SAHARAUSDT', 'DMCUSDT', 'MAVUSDT', 'CUDISUSDT']
2025-07-02 10:40:10,531 - INFO - Monitoring specific tokens: ['MILKUSDT', 'HUSDT', 'MOREUSDT', 'SAHARAUSDT', 'DMCUSDT', 'MAVUSDT', 'CUDISUSDT']
2025-07-02 10:40:10,531 - INFO - Loaded historical data for 10 symbols
2025-07-02 10:40:10,532 - INFO - Starting Open Interest Monitor...
2025-07-02 10:40:10,532 - INFO - Monitoring interval: 300 seconds
2025-07-02 10:40:10,532 - INFO - Spike threshold: 30.0%
2025-07-02 10:40:12,092 - INFO - Telegram message sent successfully
2025-07-02 10:40:12,094 - INFO - Starting monitoring cycle...
2025-07-02 10:40:21,915 - INFO - Monitoring cycle completed. Processed 5 symbols, generated 0 alerts
2025-07-02 10:45:21,923 - INFO - Starting monitoring cycle...
2025-07-02 10:45:29,915 - INFO - Monitoring cycle completed. Processed 5 symbols, generated 0 alerts
2025-07-02 10:48:31,348 - INFO - Loaded token config: {'exchange': 'bybit', 'symbols': ['MILKUSDT', 'HUSDT', 'MOREUSDT', 'SAHARAUSDT', 'DMCUSDT', 'MAVUSDT', 'CUDISUSDT']}
2025-07-02 10:48:31,349 - INFO - Extracted symbols list: ['MILKUSDT', 'HUSDT', 'MOREUSDT', 'SAHARAUSDT', 'DMCUSDT', 'MAVUSDT', 'CUDISUSDT']
2025-07-02 10:48:31,349 - INFO - Monitoring specific tokens: ['MILKUSDT', 'HUSDT', 'MOREUSDT', 'SAHARAUSDT', 'DMCUSDT', 'MAVUSDT', 'CUDISUSDT']
2025-07-02 10:48:31,349 - INFO - Loaded historical data for 14 symbols
2025-07-02 10:48:31,349 - INFO - Starting Open Interest Monitor...
2025-07-02 10:48:31,349 - INFO - Monitoring interval: 900 seconds
2025-07-02 10:48:31,349 - INFO - Spike threshold: 30.0%
2025-07-02 10:48:32,728 - INFO - Telegram message sent successfully
2025-07-02 10:48:32,730 - INFO - Starting monitoring cycle...
2025-07-02 10:48:42,248 - INFO - Monitoring cycle completed. Processed 5 symbols, generated 0 alerts
2025-07-02 11:03:42,270 - INFO - Starting monitoring cycle...
2025-07-02 11:03:49,465 - INFO - Monitoring cycle completed. Processed 5 symbols, generated 0 alerts
2025-07-02 11:07:29,941 - INFO - Loaded token config: {'exchange': 'bybit', 'symbols': ['MILKUSDT', 'HUSDT', 'MOREUSDT', 'SAHARAUSDT', 'DMCUSDT', 'MAVUSDT', 'CUDISUSDT']}
2025-07-02 11:07:29,941 - INFO - Extracted symbols list: ['MILKUSDT', 'HUSDT', 'MOREUSDT', 'SAHARAUSDT', 'DMCUSDT', 'MAVUSDT', 'CUDISUSDT']
2025-07-02 11:07:29,941 - INFO - Monitoring specific tokens: ['MILKUSDT', 'HUSDT', 'MOREUSDT', 'SAHARAUSDT', 'DMCUSDT', 'MAVUSDT', 'CUDISUSDT']
2025-07-02 11:07:29,942 - INFO - Loaded historical data for 14 symbols
2025-07-02 11:07:29,942 - INFO - Starting Open Interest Monitor...
2025-07-02 11:07:29,942 - INFO - Monitoring interval: 900 seconds
2025-07-02 11:07:29,942 - INFO - Spike threshold: 1.0%
2025-07-02 11:07:31,266 - INFO - Telegram message sent successfully
2025-07-02 11:07:31,268 - INFO - Starting monitoring cycle...
2025-07-02 11:07:51,314 - INFO - Monitoring cycle completed. Processed 5 symbols, generated 0 alerts
2025-07-02 11:22:51,257 - INFO - Starting monitoring cycle...
2025-07-02 11:22:58,680 - INFO - Monitoring cycle completed. Processed 5 symbols, generated 0 alerts
2025-07-02 11:23:46,363 - INFO - Loaded token config: {'exchange': 'bybit', 'symbols': ['MILKUSDT', 'HUSDT', 'MOREUSDT', 'SAHARAUSDT', 'DMCUSDT', 'MAVUSDT', 'CUDISUSDT']}
2025-07-02 11:23:46,363 - INFO - Extracted symbols list: ['MILKUSDT', 'HUSDT', 'MOREUSDT', 'SAHARAUSDT', 'DMCUSDT', 'MAVUSDT', 'CUDISUSDT']
2025-07-02 11:23:46,363 - INFO - Monitoring specific tokens: ['MILKUSDT', 'HUSDT', 'MOREUSDT', 'SAHARAUSDT', 'DMCUSDT', 'MAVUSDT', 'CUDISUSDT']
2025-07-02 11:23:46,364 - INFO - Loaded historical data for 14 symbols
2025-07-02 11:23:46,364 - INFO - Starting Open Interest Monitor...
2025-07-02 11:23:46,364 - INFO - Monitoring interval: 60 seconds
2025-07-02 11:23:46,364 - INFO - Spike threshold: 1.0%
2025-07-02 11:23:47,731 - INFO - Telegram message sent successfully
2025-07-02 11:23:47,734 - INFO - Starting monitoring cycle...
2025-07-02 11:23:56,022 - INFO - Monitoring cycle completed. Processed 5 symbols, generated 0 alerts
2025-07-02 11:24:56,081 - INFO - Starting monitoring cycle...
2025-07-02 11:25:03,492 - INFO - Monitoring cycle completed. Processed 5 symbols, generated 0 alerts
2025-07-02 11:26:03,495 - INFO - Starting monitoring cycle...
2025-07-02 11:26:10,725 - INFO - Monitoring cycle completed. Processed 5 symbols, generated 0 alerts
2025-07-02 11:27:10,728 - INFO - Starting monitoring cycle...
2025-07-02 11:27:19,910 - INFO - Monitoring cycle completed. Processed 5 symbols, generated 0 alerts
2025-07-02 11:28:19,916 - INFO - Starting monitoring cycle...
2025-07-02 11:28:27,767 - INFO - Monitoring cycle completed. Processed 5 symbols, generated 0 alerts
2025-07-02 11:29:27,769 - INFO - Starting monitoring cycle...
2025-07-02 11:29:35,516 - INFO - Monitoring cycle completed. Processed 5 symbols, generated 0 alerts
2025-07-02 11:30:34,329 - INFO - Loaded token config: {'exchange': 'bybit', 'symbols': ['MILKUSDT', 'HUSDT', 'MOREUSDT', 'SAHARAUSDT', 'DMCUSDT', 'MAVUSDT', 'CUDISUSDT']}
2025-07-02 11:30:34,329 - INFO - Extracted symbols list: ['MILKUSDT', 'HUSDT', 'MOREUSDT', 'SAHARAUSDT', 'DMCUSDT', 'MAVUSDT', 'CUDISUSDT']
2025-07-02 11:30:34,329 - INFO - Monitoring specific tokens: ['MILKUSDT', 'HUSDT', 'MOREUSDT', 'SAHARAUSDT', 'DMCUSDT', 'MAVUSDT', 'CUDISUSDT']
2025-07-02 11:30:34,330 - INFO - Loaded historical data for 14 symbols
2025-07-02 11:30:34,330 - INFO - Starting Open Interest Monitor...
2025-07-02 11:30:34,330 - INFO - Monitoring interval: 900 seconds
2025-07-02 11:30:34,330 - INFO - Spike threshold: 30.0%
2025-07-02 11:30:35,742 - INFO - Telegram message sent successfully
2025-07-02 11:30:35,744 - INFO - Starting monitoring cycle...
2025-07-02 11:30:43,490 - INFO - Monitoring cycle completed. Processed 5 symbols, generated 0 alerts
2025-07-02 11:45:43,512 - INFO - Starting monitoring cycle...
2025-07-02 11:45:50,896 - INFO - Monitoring cycle completed. Processed 5 symbols, generated 0 alerts
2025-07-02 12:00:50,891 - INFO - Starting monitoring cycle...
2025-07-02 12:00:58,264 - INFO - Monitoring cycle completed. Processed 5 symbols, generated 0 alerts
2025-07-02 12:15:58,282 - INFO - Starting monitoring cycle...
2025-07-02 12:16:05,617 - INFO - Monitoring cycle completed. Processed 5 symbols, generated 0 alerts
2025-07-02 12:31:05,578 - INFO - Starting monitoring cycle...
2025-07-02 12:31:13,490 - INFO - Monitoring cycle completed. Processed 5 symbols, generated 0 alerts
2025-07-02 12:46:13,541 - INFO - Starting monitoring cycle...
2025-07-02 12:46:20,886 - INFO - Monitoring cycle completed. Processed 5 symbols, generated 0 alerts
2025-07-02 15:00:32,736 - INFO - Loaded token config: {'exchange': 'bybit', 'symbols': ['MILKUSDT', 'HUSDT', 'MOREUSDT', 'SAHARAUSDT', 'DMCUSDT', 'MAVUSDT', 'CUDISUSDT']}
2025-07-02 15:00:32,738 - INFO - Extracted symbols list: ['MILKUSDT', 'HUSDT', 'MOREUSDT', 'SAHARAUSDT', 'DMCUSDT', 'MAVUSDT', 'CUDISUSDT']
2025-07-02 15:00:32,739 - INFO - Monitoring specific tokens: ['MILKUSDT', 'HUSDT', 'MOREUSDT', 'SAHARAUSDT', 'DMCUSDT', 'MAVUSDT', 'CUDISUSDT']
2025-07-02 15:00:32,739 - INFO - Loaded historical data for 14 symbols
2025-07-02 15:00:32,739 - INFO - Starting Open Interest Monitor...
2025-07-02 15:00:32,739 - INFO - Monitoring interval: 900 seconds
2025-07-02 15:00:32,740 - INFO - Spike threshold: 30.0%
2025-07-02 15:01:03,404 - ERROR - Error sending Telegram message: Connection timeout to host https://api.telegram.org/bot7689898274:AAFpBgsn4w1MNyIlEk1ygBvy0ep_VJhjdGE/sendMessage
2025-07-02 15:01:03,405 - INFO - Starting monitoring cycle...
2025-07-02 15:01:22,037 - INFO - Monitoring cycle completed. Processed 5 symbols, generated 0 alerts
2025-07-02 15:16:22,051 - INFO - Starting monitoring cycle...
2025-07-02 15:16:30,725 - INFO - Monitoring cycle completed. Processed 5 symbols, generated 0 alerts
2025-07-02 15:31:30,720 - INFO - Starting monitoring cycle...
2025-07-02 15:31:39,330 - INFO - Monitoring cycle completed. Processed 5 symbols, generated 0 alerts
2025-07-02 15:46:39,359 - INFO - Starting monitoring cycle...
2025-07-02 15:46:44,972 - INFO - Monitoring cycle completed. Processed 5 symbols, generated 0 alerts
2025-07-02 16:01:44,991 - INFO - Starting monitoring cycle...
2025-07-02 16:01:50,475 - INFO - Monitoring cycle completed. Processed 5 symbols, generated 0 alerts
2025-07-02 16:16:50,483 - INFO - Starting monitoring cycle...
2025-07-02 16:16:57,091 - INFO - Monitoring cycle completed. Processed 5 symbols, generated 0 alerts
2025-07-02 16:31:57,101 - INFO - Starting monitoring cycle...
2025-07-02 16:32:03,174 - INFO - Monitoring cycle completed. Processed 5 symbols, generated 0 alerts
2025-07-02 16:47:03,188 - INFO - Starting monitoring cycle...
2025-07-02 16:47:11,529 - INFO - Monitoring cycle completed. Processed 5 symbols, generated 0 alerts
2025-07-02 17:02:11,572 - INFO - Starting monitoring cycle...
2025-07-02 17:02:17,037 - INFO - Monitoring cycle completed. Processed 5 symbols, generated 0 alerts
2025-07-02 17:17:17,046 - INFO - Starting monitoring cycle...
2025-07-02 17:17:24,331 - INFO - Monitoring cycle completed. Processed 5 symbols, generated 0 alerts
2025-07-02 17:32:24,363 - INFO - Starting monitoring cycle...
2025-07-02 17:32:30,515 - INFO - Monitoring cycle completed. Processed 5 symbols, generated 0 alerts
2025-07-02 17:47:04,310 - INFO - Loaded token config: {'exchange': 'bybit', 'symbols': ['MILKUSDT', 'HUSDT', 'MOREUSDT', 'SAHARAUSDT', 'DMCUSDT', 'MAVUSDT', 'CUDISUSDT']}
2025-07-02 17:47:04,310 - INFO - Extracted symbols list: ['MILKUSDT', 'HUSDT', 'MOREUSDT', 'SAHARAUSDT', 'DMCUSDT', 'MAVUSDT', 'CUDISUSDT']
2025-07-02 17:47:04,310 - INFO - Monitoring specific tokens: ['MILKUSDT', 'HUSDT', 'MOREUSDT', 'SAHARAUSDT', 'DMCUSDT', 'MAVUSDT', 'CUDISUSDT']
2025-07-02 17:47:04,311 - INFO - Loaded historical data for 14 symbols
2025-07-02 17:47:04,311 - INFO - Starting Open Interest Monitor...
2025-07-02 17:47:04,311 - INFO - Monitoring interval: 900 seconds
2025-07-02 17:47:04,311 - INFO - Spike threshold: 30.0%
2025-07-02 17:47:05,735 - INFO - Telegram message sent successfully
2025-07-02 17:47:05,737 - INFO - Starting monitoring cycle...
2025-07-02 17:47:11,275 - INFO - Monitoring cycle completed. Processed 5 symbols, generated 0 alerts
2025-07-02 18:02:11,310 - INFO - Starting monitoring cycle...
2025-07-02 18:02:16,688 - INFO - Monitoring cycle completed. Processed 5 symbols, generated 0 alerts
2025-07-02 18:17:16,711 - INFO - Starting monitoring cycle...
2025-07-02 18:17:31,008 - INFO - Monitoring cycle completed. Processed 5 symbols, generated 0 alerts
2025-07-02 18:32:31,009 - INFO - Starting monitoring cycle...
2025-07-02 18:32:36,994 - INFO - Monitoring cycle completed. Processed 5 symbols, generated 0 alerts
2025-07-02 18:47:36,999 - INFO - Starting monitoring cycle...
2025-07-02 19:11:23,101 - INFO - Loaded token config: {'exchange': 'binance', 'symbol': 'MAV/USDT'}
2025-07-02 19:11:23,101 - INFO - Extracted single symbol: ['MAVUSDT']
2025-07-02 19:11:23,101 - INFO - Monitoring specific tokens: ['MAVUSDT']
2025-07-02 19:11:23,102 - INFO - Loaded historical data for 14 symbols
2025-07-02 19:11:23,102 - INFO - Starting Open Interest Monitor...
2025-07-02 19:11:23,102 - INFO - Monitoring interval: 900 seconds
2025-07-02 19:11:23,102 - INFO - Spike threshold: 30.0%
2025-07-02 19:11:24,381 - INFO - Telegram message sent successfully
2025-07-02 19:11:24,383 - INFO - Starting monitoring cycle...
2025-07-02 19:11:25,469 - INFO - Monitoring cycle completed. Processed 1 symbols, generated 0 alerts
2025-07-02 19:20:13,437 - INFO - Monitoring default token list
2025-07-02 19:20:13,438 - INFO - Loaded historical data for 14 symbols
2025-07-02 19:23:39,777 - INFO - Monitoring default token list
2025-07-02 19:23:39,778 - INFO - Loaded historical data for 14 symbols
2025-07-02 19:23:39,778 - INFO - Loaded token config: {'exchange': 'binance', 'symbol': 'MAV/USDT'}
2025-07-02 19:23:39,778 - INFO - Extracted single symbol: ['MAVUSDT']
2025-07-02 19:29:31,818 - INFO - Loaded token config: {'exchange': 'binance', 'symbol': 'MAV/USDT'}
2025-07-02 19:29:31,819 - INFO - Extracted single symbol: ['MAVUSDT']
2025-07-02 19:29:31,819 - INFO - Monitoring specific tokens: ['MAVUSDT']
2025-07-02 19:29:31,820 - INFO - Loaded historical data for 14 symbols
2025-07-02 19:29:31,820 - INFO - Starting Open Interest Monitor...
2025-07-02 19:29:31,820 - INFO - Monitoring interval: 900 seconds
2025-07-02 19:29:31,820 - INFO - Spike threshold: 30.0%
2025-07-02 19:29:33,342 - INFO - Telegram message sent successfully
2025-07-02 19:29:33,343 - INFO - Starting monitoring cycle...
2025-07-02 19:29:34,390 - INFO - Monitoring cycle completed. Processed 1 symbols, generated 0 alerts
2025-07-02 19:45:56,291 - INFO - Loaded token config: {'exchange': 'binance', 'symbol': 'MAV/USDT'}
2025-07-02 19:45:56,291 - INFO - Extracted single symbol: ['MAVUSDT']
2025-07-02 19:45:56,292 - INFO - Monitoring specific tokens: ['MAVUSDT']
2025-07-02 19:45:56,292 - INFO - Loaded historical data for 14 symbols
2025-07-02 19:45:56,292 - INFO - Starting Open Interest Monitor...
2025-07-02 19:45:56,292 - INFO - Monitoring interval: 900 seconds
2025-07-02 19:45:56,292 - INFO - Spike threshold: 30.0%
2025-07-02 19:45:57,456 - INFO - Telegram message sent successfully
2025-07-02 19:45:57,457 - INFO - Starting monitoring cycle...
2025-07-02 19:45:58,767 - INFO - Monitoring cycle completed. Processed 1 symbols, generated 0 alerts
2025-07-02 20:00:58,804 - INFO - Starting monitoring cycle...
2025-07-02 20:00:59,940 - INFO - Monitoring cycle completed. Processed 1 symbols, generated 0 alerts
2025-07-02 20:15:59,966 - INFO - Starting monitoring cycle...
2025-07-02 20:16:01,289 - INFO - Monitoring cycle completed. Processed 1 symbols, generated 0 alerts
2025-07-02 20:31:01,317 - INFO - Starting monitoring cycle...
2025-07-02 20:31:02,309 - INFO - Monitoring cycle completed. Processed 1 symbols, generated 0 alerts
2025-07-02 20:46:02,282 - INFO - Starting monitoring cycle...
2025-07-02 20:46:03,314 - INFO - Monitoring cycle completed. Processed 1 symbols, generated 0 alerts
2025-07-02 21:01:03,326 - INFO - Starting monitoring cycle...
2025-07-02 21:01:04,600 - INFO - Monitoring cycle completed. Processed 1 symbols, generated 0 alerts
2025-07-02 21:16:04,612 - INFO - Starting monitoring cycle...
2025-07-02 21:16:05,655 - INFO - Monitoring cycle completed. Processed 1 symbols, generated 0 alerts
2025-07-02 21:31:05,659 - INFO - Starting monitoring cycle...
2025-07-02 21:31:06,695 - INFO - Monitoring cycle completed. Processed 1 symbols, generated 0 alerts
2025-07-02 21:46:06,727 - INFO - Starting monitoring cycle...
2025-07-02 21:46:08,214 - INFO - Monitoring cycle completed. Processed 1 symbols, generated 0 alerts
2025-07-02 22:01:08,223 - INFO - Starting monitoring cycle...
2025-07-02 22:01:09,342 - INFO - Monitoring cycle completed. Processed 1 symbols, generated 0 alerts
2025-07-02 22:16:09,355 - INFO - Starting monitoring cycle...
2025-07-02 22:16:10,479 - INFO - Monitoring cycle completed. Processed 1 symbols, generated 0 alerts
2025-07-02 22:31:10,515 - INFO - Starting monitoring cycle...
2025-07-02 22:31:11,608 - INFO - Monitoring cycle completed. Processed 1 symbols, generated 0 alerts
2025-07-02 22:46:11,598 - INFO - Starting monitoring cycle...
2025-07-02 22:46:12,891 - INFO - Monitoring cycle completed. Processed 1 symbols, generated 0 alerts
2025-07-02 23:01:12,931 - INFO - Starting monitoring cycle...
2025-07-02 23:01:14,038 - INFO - Monitoring cycle completed. Processed 1 symbols, generated 0 alerts
2025-07-02 23:16:14,062 - INFO - Starting monitoring cycle...
2025-07-02 23:16:15,521 - INFO - Monitoring cycle completed. Processed 1 symbols, generated 0 alerts
2025-07-02 23:31:15,526 - INFO - Starting monitoring cycle...
2025-07-02 23:31:16,671 - INFO - Monitoring cycle completed. Processed 1 symbols, generated 0 alerts
2025-07-02 23:46:16,646 - INFO - Starting monitoring cycle...
2025-07-02 23:46:20,028 - INFO - Monitoring cycle completed. Processed 1 symbols, generated 0 alerts
2025-07-03 00:01:20,036 - INFO - Starting monitoring cycle...
2025-07-03 00:01:21,143 - INFO - Monitoring cycle completed. Processed 1 symbols, generated 0 alerts
2025-07-03 00:16:21,186 - INFO - Starting monitoring cycle...
2025-07-03 00:16:22,306 - INFO - Monitoring cycle completed. Processed 1 symbols, generated 0 alerts
2025-07-03 00:31:22,279 - INFO - Starting monitoring cycle...
2025-07-03 00:31:24,054 - INFO - Monitoring cycle completed. Processed 1 symbols, generated 0 alerts
2025-07-03 00:46:24,081 - INFO - Starting monitoring cycle...
2025-07-03 00:46:25,352 - INFO - Monitoring cycle completed. Processed 1 symbols, generated 0 alerts
2025-07-03 01:01:25,364 - INFO - Starting monitoring cycle...
2025-07-03 01:01:26,921 - INFO - Monitoring cycle completed. Processed 1 symbols, generated 0 alerts
2025-07-03 01:16:26,908 - INFO - Starting monitoring cycle...
2025-07-03 01:16:29,403 - INFO - Monitoring cycle completed. Processed 1 symbols, generated 0 alerts
2025-07-03 01:31:29,387 - INFO - Starting monitoring cycle...
2025-07-03 01:31:31,231 - INFO - Monitoring cycle completed. Processed 1 symbols, generated 0 alerts
2025-07-03 01:46:31,197 - INFO - Starting monitoring cycle...
2025-07-03 01:46:35,777 - INFO - Monitoring cycle completed. Processed 1 symbols, generated 0 alerts
2025-07-03 02:01:35,756 - INFO - Starting monitoring cycle...
2025-07-03 02:01:37,289 - INFO - Monitoring cycle completed. Processed 1 symbols, generated 0 alerts
2025-07-03 02:16:37,289 - INFO - Starting monitoring cycle...
2025-07-03 02:16:38,752 - INFO - Monitoring cycle completed. Processed 1 symbols, generated 0 alerts
2025-07-03 02:31:38,727 - INFO - Starting monitoring cycle...
2025-07-03 02:31:40,633 - INFO - Monitoring cycle completed. Processed 1 symbols, generated 0 alerts
2025-07-03 02:46:40,639 - INFO - Starting monitoring cycle...
2025-07-03 02:46:42,140 - INFO - Monitoring cycle completed. Processed 1 symbols, generated 0 alerts
2025-07-03 03:01:42,107 - INFO - Starting monitoring cycle...
2025-07-03 03:01:45,741 - INFO - Monitoring cycle completed. Processed 1 symbols, generated 0 alerts
2025-07-03 03:16:45,756 - INFO - Starting monitoring cycle...
2025-07-03 03:16:46,862 - INFO - Monitoring cycle completed. Processed 1 symbols, generated 0 alerts
2025-07-03 03:31:46,855 - INFO - Starting monitoring cycle...
2025-07-03 03:31:48,291 - INFO - Monitoring cycle completed. Processed 1 symbols, generated 0 alerts
2025-07-03 03:46:48,318 - INFO - Starting monitoring cycle...
2025-07-03 03:46:50,175 - INFO - Monitoring cycle completed. Processed 1 symbols, generated 0 alerts
2025-07-03 04:01:50,183 - INFO - Starting monitoring cycle...
2025-07-03 04:01:54,825 - INFO - Monitoring cycle completed. Processed 1 symbols, generated 0 alerts
2025-07-03 04:16:54,859 - INFO - Starting monitoring cycle...
2025-07-03 04:16:56,659 - INFO - Monitoring cycle completed. Processed 1 symbols, generated 0 alerts
2025-07-03 05:38:03,179 - INFO - Starting monitoring cycle...
2025-07-03 05:38:04,347 - INFO - Monitoring cycle completed. Processed 1 symbols, generated 0 alerts
2025-07-03 05:53:04,361 - INFO - Starting monitoring cycle...
2025-07-03 05:53:05,830 - INFO - Monitoring cycle completed. Processed 1 symbols, generated 0 alerts
2025-07-03 06:08:05,833 - INFO - Starting monitoring cycle...
2025-07-03 06:08:07,599 - INFO - Monitoring cycle completed. Processed 1 symbols, generated 0 alerts
2025-07-03 06:23:07,511 - INFO - Starting monitoring cycle...
2025-07-03 06:23:09,396 - INFO - Monitoring cycle completed. Processed 1 symbols, generated 0 alerts
2025-07-03 06:38:09,379 - INFO - Starting monitoring cycle...
2025-07-03 06:38:10,403 - INFO - Monitoring cycle completed. Processed 1 symbols, generated 0 alerts
2025-07-03 06:53:10,387 - INFO - Starting monitoring cycle...
2025-07-03 06:53:11,420 - INFO - Monitoring cycle completed. Processed 1 symbols, generated 0 alerts
2025-07-03 07:08:11,399 - INFO - Starting monitoring cycle...
2025-07-03 07:08:12,338 - INFO - Monitoring cycle completed. Processed 1 symbols, generated 0 alerts
2025-07-03 07:23:12,432 - INFO - Starting monitoring cycle...
2025-07-03 07:23:13,384 - INFO - Monitoring cycle completed. Processed 1 symbols, generated 0 alerts
2025-07-03 07:38:13,392 - INFO - Starting monitoring cycle...
2025-07-03 07:38:14,875 - INFO - Monitoring cycle completed. Processed 1 symbols, generated 0 alerts
2025-07-03 07:53:14,885 - INFO - Starting monitoring cycle...
2025-07-03 07:53:16,188 - INFO - Monitoring cycle completed. Processed 1 symbols, generated 0 alerts
2025-07-03 08:08:16,212 - INFO - Starting monitoring cycle...
2025-07-03 08:08:17,205 - INFO - Monitoring cycle completed. Processed 1 symbols, generated 0 alerts
2025-07-03 08:23:17,189 - INFO - Starting monitoring cycle...
2025-07-03 08:23:18,248 - INFO - Monitoring cycle completed. Processed 1 symbols, generated 0 alerts
2025-07-03 08:38:18,253 - INFO - Starting monitoring cycle...
2025-07-03 08:38:19,737 - INFO - Monitoring cycle completed. Processed 1 symbols, generated 0 alerts
2025-07-03 08:53:19,778 - INFO - Starting monitoring cycle...
2025-07-03 08:53:21,220 - INFO - Monitoring cycle completed. Processed 1 symbols, generated 0 alerts
2025-07-03 09:08:21,183 - INFO - Starting monitoring cycle...
2025-07-03 09:08:22,241 - INFO - Monitoring cycle completed. Processed 1 symbols, generated 0 alerts
2025-07-03 09:23:22,242 - INFO - Starting monitoring cycle...
2025-07-03 09:23:23,351 - INFO - Monitoring cycle completed. Processed 1 symbols, generated 0 alerts
2025-07-03 09:38:23,388 - INFO - Starting monitoring cycle...
2025-07-03 09:38:24,713 - INFO - Monitoring cycle completed. Processed 1 symbols, generated 0 alerts
2025-07-03 09:53:24,718 - INFO - Starting monitoring cycle...
2025-07-03 09:53:26,181 - INFO - Monitoring cycle completed. Processed 1 symbols, generated 0 alerts
2025-07-03 10:08:26,190 - INFO - Starting monitoring cycle...
2025-07-03 10:08:56,207 - WARNING - Error fetching data for MAVUSDT: HTTPSConnectionPool(host='fapi.binance.com', port=443): Max retries exceeded with url: /fapi/v1/openInterest?symbol=MAVUSDT (Caused by NewConnectionError('<urllib3.connection.HTTPSConnection object at 0x7fe9e0597400>: Failed to establish a new connection: [Errno 8] nodename nor servname provided, or not known'))
2025-07-03 10:09:26,214 - WARNING - Error fetching data for MAVUSDT: HTTPSConnectionPool(host='api.bybit.com', port=443): Max retries exceeded with url: /v5/market/open-interest?category=linear&symbol=MAVUSDT (Caused by NewConnectionError('<urllib3.connection.HTTPSConnection object at 0x7fe9e0597c70>: Failed to establish a new connection: [Errno 8] nodename nor servname provided, or not known'))
2025-07-03 10:09:26,224 - INFO - Monitoring cycle completed. Processed 0 symbols, generated 0 alerts
2025-07-03 10:24:26,164 - INFO - Starting monitoring cycle...
2025-07-03 10:24:28,120 - INFO - Monitoring cycle completed. Processed 0 symbols, generated 0 alerts
2025-07-03 10:39:28,118 - INFO - Starting monitoring cycle...
2025-07-03 10:39:29,478 - INFO - Monitoring cycle completed. Processed 1 symbols, generated 0 alerts
2025-07-03 10:54:29,490 - INFO - Starting monitoring cycle...
2025-07-03 10:54:30,878 - INFO - Monitoring cycle completed. Processed 1 symbols, generated 0 alerts
2025-07-03 11:09:30,860 - INFO - Starting monitoring cycle...
2025-07-03 11:09:32,193 - INFO - Monitoring cycle completed. Processed 1 symbols, generated 0 alerts
2025-07-03 11:24:32,189 - INFO - Starting monitoring cycle...
2025-07-03 11:24:33,620 - INFO - Monitoring cycle completed. Processed 1 symbols, generated 0 alerts
2025-07-03 11:39:33,672 - INFO - Starting monitoring cycle...
2025-07-03 11:39:35,283 - INFO - Monitoring cycle completed. Processed 1 symbols, generated 0 alerts
2025-07-03 11:54:35,288 - INFO - Starting monitoring cycle...
2025-07-03 11:54:36,853 - INFO - Monitoring cycle completed. Processed 1 symbols, generated 0 alerts
2025-07-03 12:22:18,012 - INFO - Loaded token config: {'exchange': 'binance', 'symbol': 'MAV/USDT'}
2025-07-03 12:22:18,012 - INFO - Extracted single symbol: ['MAVUSDT']
2025-07-03 12:22:18,012 - INFO - Monitoring specific tokens: ['MAVUSDT']
2025-07-03 12:22:18,013 - INFO - Loaded historical data for 5 symbols
2025-07-03 12:22:18,013 - INFO - Starting Open Interest Monitor...
2025-07-03 12:22:18,013 - INFO - Monitoring interval: 900 seconds
2025-07-03 12:22:18,013 - INFO - Spike threshold: 20.0%
2025-07-03 12:22:19,432 - INFO - Telegram message sent successfully
2025-07-03 12:22:19,434 - INFO - Starting monitoring cycle...
2025-07-03 12:22:20,715 - INFO - Monitoring cycle completed. Processed 1 symbols, generated 0 alerts
2025-07-03 12:37:20,754 - INFO - Starting monitoring cycle...
2025-07-03 12:37:23,449 - INFO - Monitoring cycle completed. Processed 1 symbols, generated 0 alerts
2025-07-03 12:52:23,480 - INFO - Starting monitoring cycle...
2025-07-03 12:52:26,350 - INFO - Monitoring cycle completed. Processed 1 symbols, generated 0 alerts
2025-07-03 13:07:26,381 - INFO - Starting monitoring cycle...
2025-07-03 13:07:27,764 - INFO - Monitoring cycle completed. Processed 1 symbols, generated 0 alerts
2025-07-03 13:22:27,802 - INFO - Starting monitoring cycle...
2025-07-03 13:22:30,963 - INFO - Monitoring cycle completed. Processed 1 symbols, generated 0 alerts
2025-07-03 13:32:01,506 - INFO - Loaded token config: {'exchange': 'bybit', 'symbols': ['MILKUSDT', 'HUSDT', 'MOREUSDT', 'SAHARAUSDT', 'DMCUSDT', 'MAVUSDT', 'CUDISUSDT']}
2025-07-03 13:32:01,507 - INFO - Extracted symbols list: ['MILKUSDT', 'HUSDT', 'MOREUSDT', 'SAHARAUSDT', 'DMCUSDT', 'MAVUSDT', 'CUDISUSDT']
2025-07-03 13:32:01,507 - INFO - Monitoring specific tokens: ['MILKUSDT', 'HUSDT', 'MOREUSDT', 'SAHARAUSDT', 'DMCUSDT', 'MAVUSDT', 'CUDISUSDT']
2025-07-03 13:32:01,507 - INFO - Loaded historical data for 5 symbols
2025-07-03 13:32:01,507 - INFO - Starting Open Interest Monitor...
2025-07-03 13:32:01,507 - INFO - Monitoring interval: 900 seconds
2025-07-03 13:32:01,507 - INFO - Spike threshold: 20.0%
2025-07-03 13:32:02,941 - INFO - Telegram message sent successfully
2025-07-03 13:32:02,943 - INFO - Starting monitoring cycle...
2025-07-03 13:32:11,878 - INFO - Monitoring cycle completed. Processed 5 symbols, generated 0 alerts
2025-07-03 13:37:30,974 - INFO - Starting monitoring cycle...
2025-07-03 13:37:37,008 - INFO - Monitoring cycle completed. Processed 1 symbols, generated 0 alerts
2025-07-03 13:47:11,892 - INFO - Starting monitoring cycle...
2025-07-03 13:47:19,049 - INFO - Monitoring cycle completed. Processed 5 symbols, generated 0 alerts
2025-07-03 13:52:37,048 - INFO - Starting monitoring cycle...
2025-07-03 13:52:38,974 - INFO - Monitoring cycle completed. Processed 1 symbols, generated 0 alerts
2025-07-03 14:02:19,095 - INFO - Starting monitoring cycle...
2025-07-03 14:02:27,101 - INFO - Monitoring cycle completed. Processed 5 symbols, generated 0 alerts
2025-07-03 14:07:39,000 - INFO - Starting monitoring cycle...
2025-07-03 14:07:40,894 - INFO - Monitoring cycle completed. Processed 1 symbols, generated 0 alerts
2025-07-03 14:17:27,125 - INFO - Starting monitoring cycle...
2025-07-03 14:17:34,769 - INFO - Monitoring cycle completed. Processed 5 symbols, generated 0 alerts
2025-07-03 14:22:40,927 - INFO - Starting monitoring cycle...
2025-07-03 14:22:42,257 - INFO - Monitoring cycle completed. Processed 1 symbols, generated 0 alerts
2025-07-03 14:32:34,802 - INFO - Starting monitoring cycle...
2025-07-03 14:32:44,536 - INFO - Monitoring cycle completed. Processed 5 symbols, generated 0 alerts
2025-07-03 14:37:42,282 - INFO - Starting monitoring cycle...
2025-07-03 14:37:43,972 - INFO - Monitoring cycle completed. Processed 1 symbols, generated 0 alerts
2025-07-03 14:47:44,550 - INFO - Starting monitoring cycle...
2025-07-03 14:47:51,681 - INFO - Monitoring cycle completed. Processed 5 symbols, generated 0 alerts
2025-07-03 14:52:43,955 - INFO - Starting monitoring cycle...
2025-07-03 14:52:45,254 - INFO - Monitoring cycle completed. Processed 1 symbols, generated 0 alerts
2025-07-03 15:02:51,683 - INFO - Starting monitoring cycle...
2025-07-03 15:03:02,024 - INFO - Monitoring cycle completed. Processed 5 symbols, generated 0 alerts
2025-07-03 15:07:45,254 - INFO - Starting monitoring cycle...
2025-07-03 15:07:46,563 - INFO - Monitoring cycle completed. Processed 1 symbols, generated 0 alerts
2025-07-03 15:18:02,023 - INFO - Starting monitoring cycle...
2025-07-03 15:18:09,187 - INFO - Monitoring cycle completed. Processed 5 symbols, generated 0 alerts
2025-07-03 15:22:46,592 - INFO - Starting monitoring cycle...
2025-07-03 15:22:48,352 - INFO - Monitoring cycle completed. Processed 1 symbols, generated 0 alerts
2025-07-03 15:33:09,216 - INFO - Starting monitoring cycle...
2025-07-03 15:33:16,716 - INFO - Monitoring cycle completed. Processed 5 symbols, generated 0 alerts
2025-07-03 15:37:48,390 - INFO - Starting monitoring cycle...
2025-07-03 15:37:49,692 - INFO - Monitoring cycle completed. Processed 1 symbols, generated 0 alerts
2025-07-03 15:48:16,757 - INFO - Starting monitoring cycle...
2025-07-03 15:48:23,658 - INFO - Monitoring cycle completed. Processed 5 symbols, generated 0 alerts
2025-07-03 15:52:49,664 - INFO - Starting monitoring cycle...
2025-07-03 15:52:51,057 - INFO - Monitoring cycle completed. Processed 1 symbols, generated 0 alerts
2025-07-03 16:03:23,623 - INFO - Starting monitoring cycle...
2025-07-03 16:03:30,725 - INFO - Monitoring cycle completed. Processed 5 symbols, generated 0 alerts
2025-07-03 16:07:51,075 - INFO - Starting monitoring cycle...
2025-07-03 16:07:52,356 - INFO - Monitoring cycle completed. Processed 1 symbols, generated 0 alerts
2025-07-03 16:18:30,744 - INFO - Starting monitoring cycle...
2025-07-03 16:18:38,275 - INFO - Monitoring cycle completed. Processed 5 symbols, generated 0 alerts
2025-07-03 16:22:52,368 - INFO - Starting monitoring cycle...
2025-07-03 16:22:53,860 - INFO - Monitoring cycle completed. Processed 1 symbols, generated 0 alerts
2025-07-03 16:33:38,288 - INFO - Starting monitoring cycle...
2025-07-03 16:33:45,699 - INFO - Monitoring cycle completed. Processed 5 symbols, generated 0 alerts
2025-07-03 16:37:53,869 - INFO - Starting monitoring cycle...
2025-07-03 16:37:55,252 - INFO - Monitoring cycle completed. Processed 1 symbols, generated 0 alerts
2025-07-03 16:48:45,705 - INFO - Starting monitoring cycle...
2025-07-03 16:48:56,754 - INFO - Monitoring cycle completed. Processed 5 symbols, generated 0 alerts
2025-07-03 16:52:55,266 - INFO - Starting monitoring cycle...
2025-07-03 16:52:56,663 - INFO - Monitoring cycle completed. Processed 1 symbols, generated 0 alerts
2025-07-03 17:03:56,767 - INFO - Starting monitoring cycle...
2025-07-03 17:04:05,168 - INFO - Monitoring cycle completed. Processed 5 symbols, generated 0 alerts
2025-07-03 17:07:56,676 - INFO - Starting monitoring cycle...
2025-07-03 17:07:58,155 - INFO - Monitoring cycle completed. Processed 1 symbols, generated 0 alerts
2025-07-03 17:19:05,181 - INFO - Starting monitoring cycle...
2025-07-03 17:19:09,684 - INFO - Monitoring cycle completed. Processed 5 symbols, generated 0 alerts
2025-07-03 17:22:58,269 - INFO - Starting monitoring cycle...
2025-07-03 17:22:59,158 - INFO - Monitoring cycle completed. Processed 1 symbols, generated 0 alerts
2025-07-03 17:34:09,810 - INFO - Starting monitoring cycle...
2025-07-03 17:34:15,142 - INFO - Monitoring cycle completed. Processed 5 symbols, generated 0 alerts
2025-07-03 17:37:59,187 - INFO - Starting monitoring cycle...
2025-07-03 17:38:00,678 - INFO - Monitoring cycle completed. Processed 1 symbols, generated 0 alerts
2025-07-03 17:49:15,132 - INFO - Starting monitoring cycle...
2025-07-03 17:49:21,494 - INFO - Monitoring cycle completed. Processed 5 symbols, generated 0 alerts
2025-07-03 17:53:00,694 - INFO - Starting monitoring cycle...
2025-07-03 17:53:01,661 - INFO - Monitoring cycle completed. Processed 1 symbols, generated 0 alerts
2025-07-03 18:04:21,516 - INFO - Starting monitoring cycle...
2025-07-03 18:04:26,733 - INFO - Monitoring cycle completed. Processed 5 symbols, generated 0 alerts
2025-07-03 18:08:01,685 - INFO - Starting monitoring cycle...
2025-07-03 18:08:02,648 - INFO - Monitoring cycle completed. Processed 1 symbols, generated 0 alerts
2025-07-03 18:19:26,697 - INFO - Starting monitoring cycle...
2025-07-03 18:19:31,902 - INFO - Monitoring cycle completed. Processed 5 symbols, generated 0 alerts
2025-07-03 18:23:02,611 - INFO - Starting monitoring cycle...
2025-07-03 18:23:03,620 - INFO - Monitoring cycle completed. Processed 1 symbols, generated 0 alerts
2025-07-03 18:34:31,907 - INFO - Starting monitoring cycle...
2025-07-03 18:34:37,031 - INFO - Monitoring cycle completed. Processed 5 symbols, generated 0 alerts
2025-07-03 18:38:03,625 - INFO - Starting monitoring cycle...
2025-07-03 18:38:04,580 - INFO - Monitoring cycle completed. Processed 1 symbols, generated 0 alerts
2025-07-03 18:49:37,039 - INFO - Starting monitoring cycle...
2025-07-03 18:49:42,418 - INFO - Monitoring cycle completed. Processed 5 symbols, generated 0 alerts
2025-07-03 18:53:04,589 - INFO - Starting monitoring cycle...
2025-07-03 18:53:05,598 - INFO - Monitoring cycle completed. Processed 1 symbols, generated 0 alerts
2025-07-03 19:04:42,427 - INFO - Starting monitoring cycle...
2025-07-03 19:04:47,592 - INFO - Monitoring cycle completed. Processed 5 symbols, generated 0 alerts
2025-07-03 19:08:05,607 - INFO - Starting monitoring cycle...
2025-07-03 19:08:06,555 - INFO - Monitoring cycle completed. Processed 1 symbols, generated 0 alerts
2025-07-03 19:19:47,595 - INFO - Starting monitoring cycle...
2025-07-03 19:19:52,765 - INFO - Monitoring cycle completed. Processed 5 symbols, generated 0 alerts
2025-07-03 19:23:06,551 - INFO - Starting monitoring cycle...
2025-07-03 19:23:07,513 - INFO - Monitoring cycle completed. Processed 1 symbols, generated 0 alerts
2025-07-03 19:34:52,767 - INFO - Starting monitoring cycle...
2025-07-03 19:34:58,019 - INFO - Monitoring cycle completed. Processed 5 symbols, generated 0 alerts
2025-07-03 19:38:07,548 - INFO - Starting monitoring cycle...
2025-07-03 19:38:08,405 - INFO - Monitoring cycle completed. Processed 1 symbols, generated 0 alerts
2025-07-03 19:49:58,061 - INFO - Starting monitoring cycle...
2025-07-03 19:50:02,697 - INFO - Monitoring cycle completed. Processed 5 symbols, generated 0 alerts
2025-07-03 19:53:08,418 - INFO - Starting monitoring cycle...
2025-07-03 19:53:09,273 - INFO - Monitoring cycle completed. Processed 1 symbols, generated 0 alerts
2025-07-03 20:05:02,709 - INFO - Starting monitoring cycle...
2025-07-03 20:05:07,322 - INFO - Monitoring cycle completed. Processed 5 symbols, generated 0 alerts
2025-07-03 20:08:09,286 - INFO - Starting monitoring cycle...
2025-07-03 20:08:10,147 - INFO - Monitoring cycle completed. Processed 1 symbols, generated 0 alerts
2025-07-03 20:20:07,327 - INFO - Starting monitoring cycle...
2025-07-03 20:20:12,521 - INFO - Monitoring cycle completed. Processed 5 symbols, generated 0 alerts
2025-07-03 20:23:10,150 - INFO - Starting monitoring cycle...
2025-07-03 20:23:11,004 - INFO - Monitoring cycle completed. Processed 1 symbols, generated 0 alerts
2025-07-03 20:35:12,545 - INFO - Starting monitoring cycle...
2025-07-03 20:35:17,199 - INFO - Monitoring cycle completed. Processed 5 symbols, generated 0 alerts
2025-07-03 20:38:11,028 - INFO - Starting monitoring cycle...
2025-07-03 20:38:12,165 - INFO - Monitoring cycle completed. Processed 1 symbols, generated 0 alerts
2025-07-03 20:50:17,209 - INFO - Starting monitoring cycle...
2025-07-03 20:50:26,411 - INFO - Monitoring cycle completed. Processed 5 symbols, generated 0 alerts
2025-07-03 20:53:12,178 - INFO - Starting monitoring cycle...
2025-07-03 20:53:13,617 - INFO - Monitoring cycle completed. Processed 1 symbols, generated 0 alerts
2025-07-03 21:05:26,422 - INFO - Starting monitoring cycle...
2025-07-03 21:05:31,134 - INFO - Monitoring cycle completed. Processed 5 symbols, generated 0 alerts
2025-07-03 21:08:13,651 - INFO - Starting monitoring cycle...
2025-07-03 21:08:14,583 - INFO - Monitoring cycle completed. Processed 1 symbols, generated 0 alerts
2025-07-03 21:20:31,171 - INFO - Starting monitoring cycle...
2025-07-03 21:20:38,712 - INFO - Monitoring cycle completed. Processed 5 symbols, generated 0 alerts
2025-07-03 21:23:14,599 - INFO - Starting monitoring cycle...
2025-07-03 21:23:15,635 - INFO - Monitoring cycle completed. Processed 1 symbols, generated 0 alerts
2025-07-03 21:35:38,725 - INFO - Starting monitoring cycle...
2025-07-03 21:35:44,421 - INFO - Monitoring cycle completed. Processed 5 symbols, generated 0 alerts
2025-07-03 21:38:15,649 - INFO - Starting monitoring cycle...
2025-07-03 21:38:17,862 - INFO - Monitoring cycle completed. Processed 1 symbols, generated 0 alerts
2025-07-03 21:50:44,430 - INFO - Starting monitoring cycle...
2025-07-03 21:50:49,768 - INFO - Monitoring cycle completed. Processed 5 symbols, generated 0 alerts
2025-07-03 21:53:17,871 - INFO - Starting monitoring cycle...
2025-07-03 21:53:18,855 - INFO - Monitoring cycle completed. Processed 1 symbols, generated 0 alerts
2025-07-03 22:05:49,717 - INFO - Starting monitoring cycle...
2025-07-03 22:05:54,969 - INFO - Monitoring cycle completed. Processed 5 symbols, generated 0 alerts
2025-07-03 22:08:18,800 - INFO - Starting monitoring cycle...
2025-07-03 22:08:19,659 - INFO - Monitoring cycle completed. Processed 1 symbols, generated 0 alerts
2025-07-03 22:20:54,963 - INFO - Starting monitoring cycle...
2025-07-03 22:21:00,111 - INFO - Monitoring cycle completed. Processed 5 symbols, generated 0 alerts
2025-07-03 22:23:19,653 - INFO - Starting monitoring cycle...
2025-07-03 22:23:20,616 - INFO - Monitoring cycle completed. Processed 1 symbols, generated 0 alerts
2025-07-03 22:36:00,132 - INFO - Starting monitoring cycle...
2025-07-03 22:36:08,125 - INFO - Monitoring cycle completed. Processed 5 symbols, generated 0 alerts
2025-07-03 22:38:20,637 - INFO - Starting monitoring cycle...
2025-07-03 22:38:21,486 - INFO - Monitoring cycle completed. Processed 1 symbols, generated 0 alerts
2025-07-03 22:51:08,130 - INFO - Starting monitoring cycle...
2025-07-03 22:51:13,291 - INFO - Monitoring cycle completed. Processed 5 symbols, generated 0 alerts
2025-07-03 22:53:21,500 - INFO - Starting monitoring cycle...
2025-07-03 22:53:22,453 - INFO - Monitoring cycle completed. Processed 1 symbols, generated 0 alerts
2025-07-03 23:06:13,303 - INFO - Starting monitoring cycle...
2025-07-03 23:06:18,991 - INFO - Monitoring cycle completed. Processed 5 symbols, generated 0 alerts
2025-07-03 23:08:22,458 - INFO - Starting monitoring cycle...
2025-07-03 23:08:23,893 - INFO - Monitoring cycle completed. Processed 1 symbols, generated 0 alerts
2025-07-03 23:21:18,978 - INFO - Starting monitoring cycle...
2025-07-03 23:21:24,520 - INFO - Monitoring cycle completed. Processed 5 symbols, generated 0 alerts
2025-07-03 23:23:23,879 - INFO - Starting monitoring cycle...
2025-07-03 23:23:24,921 - INFO - Monitoring cycle completed. Processed 1 symbols, generated 0 alerts
2025-07-03 23:36:24,511 - INFO - Starting monitoring cycle...
2025-07-03 23:36:30,042 - INFO - Monitoring cycle completed. Processed 5 symbols, generated 0 alerts
2025-07-03 23:38:24,912 - INFO - Starting monitoring cycle...
2025-07-03 23:38:25,998 - INFO - Monitoring cycle completed. Processed 1 symbols, generated 0 alerts
2025-07-03 23:51:30,058 - INFO - Starting monitoring cycle...
2025-07-03 23:51:35,778 - INFO - Monitoring cycle completed. Processed 5 symbols, generated 0 alerts
2025-07-03 23:53:26,012 - INFO - Starting monitoring cycle...
2025-07-03 23:53:27,064 - INFO - Monitoring cycle completed. Processed 1 symbols, generated 0 alerts
2025-07-04 00:06:35,794 - INFO - Starting monitoring cycle...
2025-07-04 00:06:41,469 - INFO - Monitoring cycle completed. Processed 5 symbols, generated 0 alerts
2025-07-04 00:08:27,078 - INFO - Starting monitoring cycle...
2025-07-04 00:08:28,132 - INFO - Monitoring cycle completed. Processed 1 symbols, generated 0 alerts
2025-07-04 00:21:41,418 - INFO - Starting monitoring cycle...
2025-07-04 00:21:47,124 - INFO - Monitoring cycle completed. Processed 5 symbols, generated 0 alerts
2025-07-04 00:23:28,080 - INFO - Starting monitoring cycle...
2025-07-04 00:23:29,136 - INFO - Monitoring cycle completed. Processed 1 symbols, generated 0 alerts
2025-07-04 00:36:47,136 - INFO - Starting monitoring cycle...
2025-07-04 00:36:52,962 - INFO - Monitoring cycle completed. Processed 5 symbols, generated 0 alerts
2025-07-04 00:38:29,148 - INFO - Starting monitoring cycle...
2025-07-04 00:38:30,195 - INFO - Monitoring cycle completed. Processed 1 symbols, generated 0 alerts
2025-07-04 00:51:52,981 - INFO - Starting monitoring cycle...
2025-07-04 00:51:58,780 - INFO - Monitoring cycle completed. Processed 5 symbols, generated 0 alerts
2025-07-04 00:53:30,214 - INFO - Starting monitoring cycle...
2025-07-04 00:53:31,249 - INFO - Monitoring cycle completed. Processed 1 symbols, generated 0 alerts
2025-07-04 01:06:58,723 - INFO - Starting monitoring cycle...
2025-07-04 01:07:04,312 - INFO - Monitoring cycle completed. Processed 5 symbols, generated 0 alerts
2025-07-04 01:08:31,191 - INFO - Starting monitoring cycle...
2025-07-04 01:08:32,367 - INFO - Monitoring cycle completed. Processed 1 symbols, generated 0 alerts
2025-07-04 01:22:04,318 - INFO - Starting monitoring cycle...
2025-07-04 01:22:12,306 - INFO - Monitoring cycle completed. Processed 5 symbols, generated 0 alerts
2025-07-04 01:23:32,373 - INFO - Starting monitoring cycle...
2025-07-04 01:23:33,434 - INFO - Monitoring cycle completed. Processed 1 symbols, generated 0 alerts
2025-07-04 01:37:12,291 - INFO - Starting monitoring cycle...
2025-07-04 01:37:17,952 - INFO - Monitoring cycle completed. Processed 5 symbols, generated 0 alerts
2025-07-04 01:38:33,419 - INFO - Starting monitoring cycle...
2025-07-04 01:38:34,459 - INFO - Monitoring cycle completed. Processed 1 symbols, generated 0 alerts
2025-07-04 13:43:04,829 - INFO - Loaded token config: {'exchange': 'binance', 'symbol': 'MAV/USDT'}
2025-07-04 13:43:04,830 - INFO - Extracted single symbol: ['MAVUSDT']
2025-07-04 13:43:04,830 - INFO - Monitoring specific tokens: ['MAVUSDT']
2025-07-04 13:43:04,831 - INFO - Loaded historical data for 5 symbols
2025-07-04 13:43:04,831 - INFO - Starting Open Interest Monitor...
2025-07-04 13:43:04,831 - INFO - Monitoring interval: 900 seconds
2025-07-04 13:43:04,831 - INFO - Spike threshold: 20.0%
2025-07-04 13:43:05,709 - INFO - Telegram message sent successfully
2025-07-04 13:43:05,710 - INFO - Starting monitoring cycle...
2025-07-04 13:43:06,588 - INFO - Monitoring cycle completed. Processed 1 symbols, generated 0 alerts
2025-07-04 13:58:06,598 - INFO - Starting monitoring cycle...
2025-07-04 13:58:07,549 - INFO - Monitoring cycle completed. Processed 1 symbols, generated 0 alerts
2025-07-04 14:13:07,535 - INFO - Starting monitoring cycle...
2025-07-04 14:13:08,488 - INFO - Monitoring cycle completed. Processed 1 symbols, generated 0 alerts
2025-07-04 14:28:08,560 - INFO - Starting monitoring cycle...
2025-07-04 14:28:09,905 - INFO - Monitoring cycle completed. Processed 1 symbols, generated 0 alerts
2025-07-04 14:43:09,883 - INFO - Starting monitoring cycle...
2025-07-04 14:43:10,739 - INFO - Monitoring cycle completed. Processed 1 symbols, generated 0 alerts
2025-07-04 14:58:10,738 - INFO - Starting monitoring cycle...
2025-07-04 14:58:11,693 - INFO - Monitoring cycle completed. Processed 1 symbols, generated 0 alerts
2025-07-04 15:13:11,735 - INFO - Starting monitoring cycle...
2025-07-04 15:13:12,702 - INFO - Monitoring cycle completed. Processed 1 symbols, generated 0 alerts
2025-07-04 15:28:12,731 - INFO - Starting monitoring cycle...
2025-07-04 15:28:13,698 - INFO - Monitoring cycle completed. Processed 1 symbols, generated 0 alerts
2025-07-04 15:43:13,715 - INFO - Starting monitoring cycle...
2025-07-04 15:43:14,680 - INFO - Monitoring cycle completed. Processed 1 symbols, generated 0 alerts
2025-07-04 15:58:14,669 - INFO - Starting monitoring cycle...
2025-07-04 15:58:16,048 - INFO - Monitoring cycle completed. Processed 1 symbols, generated 0 alerts
2025-07-04 16:13:16,073 - INFO - Starting monitoring cycle...
2025-07-04 16:13:17,059 - INFO - Monitoring cycle completed. Processed 1 symbols, generated 0 alerts
2025-07-04 16:28:17,079 - INFO - Starting monitoring cycle...
2025-07-04 16:28:18,446 - INFO - Monitoring cycle completed. Processed 1 symbols, generated 0 alerts
2025-07-04 16:43:18,459 - INFO - Starting monitoring cycle...
2025-07-04 16:43:19,822 - INFO - Monitoring cycle completed. Processed 1 symbols, generated 0 alerts
2025-07-04 16:58:19,826 - INFO - Starting monitoring cycle...
2025-07-04 16:58:20,804 - INFO - Monitoring cycle completed. Processed 1 symbols, generated 0 alerts
2025-07-04 17:13:20,805 - INFO - Starting monitoring cycle...
2025-07-04 17:13:21,792 - INFO - Monitoring cycle completed. Processed 1 symbols, generated 0 alerts
2025-07-04 17:28:21,761 - INFO - Starting monitoring cycle...
2025-07-04 17:28:22,724 - INFO - Monitoring cycle completed. Processed 1 symbols, generated 0 alerts
2025-07-04 17:43:22,725 - INFO - Starting monitoring cycle...
2025-07-04 17:43:23,715 - INFO - Monitoring cycle completed. Processed 1 symbols, generated 0 alerts
2025-07-04 17:58:23,699 - INFO - Starting monitoring cycle...
2025-07-04 17:58:24,685 - INFO - Monitoring cycle completed. Processed 1 symbols, generated 0 alerts
2025-07-04 18:13:24,695 - INFO - Starting monitoring cycle...
2025-07-04 18:13:25,679 - INFO - Monitoring cycle completed. Processed 1 symbols, generated 0 alerts
2025-07-04 18:28:25,665 - INFO - Starting monitoring cycle...
2025-07-04 18:28:27,036 - INFO - Monitoring cycle completed. Processed 1 symbols, generated 0 alerts
2025-07-04 18:43:27,027 - INFO - Starting monitoring cycle...
2025-07-04 18:43:28,016 - INFO - Monitoring cycle completed. Processed 1 symbols, generated 0 alerts
2025-07-04 18:58:28,058 - INFO - Starting monitoring cycle...
2025-07-04 18:58:29,039 - INFO - Monitoring cycle completed. Processed 1 symbols, generated 0 alerts
2025-07-04 19:13:29,062 - INFO - Starting monitoring cycle...
2025-07-04 19:13:30,037 - INFO - Monitoring cycle completed. Processed 1 symbols, generated 0 alerts
2025-07-04 19:28:30,055 - INFO - Starting monitoring cycle...
2025-07-04 19:28:31,026 - INFO - Monitoring cycle completed. Processed 1 symbols, generated 0 alerts
2025-07-04 19:43:31,034 - INFO - Starting monitoring cycle...
2025-07-04 19:43:31,900 - INFO - Monitoring cycle completed. Processed 1 symbols, generated 0 alerts
2025-07-07 10:05:08,524 - INFO - Loaded token config: {'exchange': 'binance', 'symbol': 'MAV/USDT'}
2025-07-07 10:05:08,524 - INFO - Extracted single symbol: ['MAVUSDT']
2025-07-07 10:05:08,525 - INFO - Monitoring specific tokens: ['MAVUSDT']
2025-07-07 10:05:08,525 - INFO - Loaded historical data for 5 symbols
2025-07-07 10:05:08,525 - INFO - Starting Open Interest Monitor...
2025-07-07 10:05:08,525 - INFO - Monitoring interval: 900 seconds
2025-07-07 10:05:08,525 - INFO - Spike threshold: 1.0%
2025-07-07 10:05:10,518 - INFO - Telegram message sent successfully
2025-07-07 10:05:10,520 - INFO - Starting monitoring cycle...
2025-07-07 10:05:12,106 - INFO - Monitoring cycle completed. Processed 1 symbols, generated 0 alerts
2025-07-07 10:23:34,508 - INFO - Loaded token config: {'exchange': 'binance', 'symbol': 'MAV/USDT'}
2025-07-07 10:23:34,508 - INFO - Extracted single symbol: ['MAVUSDT']
2025-07-07 10:23:34,508 - INFO - Monitoring specific tokens: ['MAVUSDT']
2025-07-07 10:23:34,509 - INFO - Loaded historical data for 5 symbols
2025-07-07 10:23:34,509 - INFO - Starting Open Interest Monitor...
2025-07-07 10:23:34,509 - INFO - Monitoring interval: 900 seconds
2025-07-07 10:23:34,509 - INFO - Spike threshold: 10.0%
2025-07-07 10:23:35,980 - INFO - Telegram message sent successfully
2025-07-07 10:23:35,981 - INFO - Starting monitoring cycle...
2025-07-07 10:23:37,484 - INFO - Monitoring cycle completed. Processed 1 symbols, generated 0 alerts
2025-07-07 10:31:18,561 - INFO - Loaded token config: {'exchange': 'binance', 'symbol': 'MAV/USDT'}
2025-07-07 10:31:18,562 - INFO - Extracted single symbol: ['MAVUSDT']
2025-07-07 10:31:18,562 - INFO - Monitoring specific tokens: ['MAVUSDT']
2025-07-07 10:31:18,562 - INFO - Loaded historical data for 5 symbols
2025-07-07 10:31:18,562 - INFO - Starting Open Interest Monitor...
2025-07-07 10:31:18,562 - INFO - Monitoring interval: 900 seconds
2025-07-07 10:31:18,562 - INFO - Spike threshold: 10.0%
2025-07-07 10:31:19,916 - INFO - Telegram message sent successfully
2025-07-07 10:31:19,917 - INFO - Starting monitoring cycle...
2025-07-07 10:31:22,271 - INFO - Monitoring cycle completed. Processed 1 symbols, generated 0 alerts
2025-07-07 10:45:16,791 - INFO - Loaded token config: {'exchange': 'binance', 'symbol': 'MAV/USDT'}
2025-07-07 10:45:16,792 - INFO - Extracted single symbol: ['MAVUSDT']
2025-07-07 10:45:16,792 - INFO - Monitoring specific tokens: ['MAVUSDT']
2025-07-07 10:45:16,792 - INFO - Loaded historical data for 5 symbols
2025-07-07 10:45:16,792 - INFO - Starting Open Interest Monitor...
2025-07-07 10:45:16,792 - INFO - Monitoring interval: 900 seconds
2025-07-07 10:45:16,792 - INFO - Spike threshold: 5.0%
2025-07-07 10:45:19,304 - INFO - Telegram message sent successfully
2025-07-07 10:45:19,306 - INFO - Starting monitoring cycle...
2025-07-07 10:45:20,847 - INFO - Monitoring cycle completed. Processed 1 symbols, generated 0 alerts
2025-07-07 11:00:20,862 - INFO - Starting monitoring cycle...
2025-07-07 11:00:23,226 - INFO - Monitoring cycle completed. Processed 1 symbols, generated 0 alerts
2025-07-07 11:01:42,628 - INFO - Loaded token config: {'exchange': 'binance', 'symbol': 'MAV/USDT'}
2025-07-07 11:01:42,628 - INFO - Extracted single symbol: ['MAVUSDT']
2025-07-07 11:01:42,629 - INFO - Monitoring specific tokens: ['MAVUSDT']
2025-07-07 11:01:42,629 - INFO - Loaded historical data for 5 symbols
2025-07-07 11:01:42,629 - INFO - Starting Open Interest Monitor...
2025-07-07 11:01:42,629 - INFO - Monitoring interval: 900 seconds
2025-07-07 11:01:42,629 - INFO - Spike threshold: 5.0%
2025-07-07 11:01:45,210 - INFO - Telegram message sent successfully
2025-07-07 11:01:45,211 - INFO - Starting monitoring cycle...
2025-07-07 11:01:48,031 - INFO - Telegram message sent successfully
2025-07-07 11:01:48,033 - INFO - Sent alert for MAVUSDT on binance: -7.77%
2025-07-07 11:01:50,181 - INFO - Telegram message sent successfully
2025-07-07 11:01:50,222 - INFO - Monitoring cycle completed. Processed 1 symbols, generated 1 alerts
2025-07-07 11:16:50,187 - INFO - Starting monitoring cycle...
2025-07-07 11:16:53,192 - INFO - Monitoring cycle completed. Processed 1 symbols, generated 0 alerts
2025-07-07 11:31:53,182 - INFO - Starting monitoring cycle...
2025-07-07 11:31:55,084 - INFO - Monitoring cycle completed. Processed 1 symbols, generated 0 alerts
2025-07-07 11:46:55,076 - INFO - Starting monitoring cycle...
2025-07-07 11:46:56,595 - INFO - Monitoring cycle completed. Processed 1 symbols, generated 0 alerts
2025-07-07 12:01:56,623 - INFO - Starting monitoring cycle...
2025-07-07 12:01:59,080 - INFO - Monitoring cycle completed. Processed 1 symbols, generated 0 alerts
2025-07-07 12:16:59,078 - INFO - Starting monitoring cycle...
2025-07-07 12:17:04,961 - INFO - Monitoring cycle completed. Processed 1 symbols, generated 0 alerts
2025-07-07 12:32:04,994 - INFO - Starting monitoring cycle...
2025-07-07 12:32:06,502 - INFO - Monitoring cycle completed. Processed 1 symbols, generated 0 alerts
2025-07-07 12:47:06,510 - INFO - Starting monitoring cycle...
2025-07-07 12:47:09,714 - INFO - Monitoring cycle completed. Processed 1 symbols, generated 0 alerts
2025-07-07 13:02:12,615 - INFO - Loaded token config: {'exchange': 'binance', 'symbol': 'MAV/USDT'}
2025-07-07 13:02:12,616 - INFO - Extracted single symbol: ['MAVUSDT']
2025-07-07 13:02:12,616 - INFO - Monitoring specific tokens: ['MAVUSDT']
2025-07-07 13:02:12,616 - INFO - Loaded historical data for 5 symbols
2025-07-07 13:02:12,616 - INFO - Starting Open Interest Monitor...
2025-07-07 13:02:12,616 - INFO - Monitoring interval: 900 seconds
2025-07-07 13:02:12,616 - INFO - Spike threshold: 5.0%
2025-07-07 13:02:13,566 - INFO - Telegram message sent successfully
2025-07-07 13:02:13,568 - INFO - Starting monitoring cycle...
2025-07-07 13:02:14,586 - INFO - Monitoring cycle completed. Processed 1 symbols, generated 0 alerts
2025-07-08 10:59:14,040 - INFO - Loaded token config: {'exchange': 'bybit', 'symbols': ['MILKUSDT', 'HUSDT', 'MOREUSDT', 'SAHARAUSDT', 'DMCUSDT', 'MAVUSDT', 'CUDISUSDT']}
2025-07-08 10:59:14,042 - INFO - Extracted symbols list: ['MILKUSDT', 'HUSDT', 'MOREUSDT', 'SAHARAUSDT', 'DMCUSDT', 'MAVUSDT', 'CUDISUSDT']
2025-07-08 10:59:14,042 - INFO - Monitoring specific tokens: ['MILKUSDT', 'HUSDT', 'MOREUSDT', 'SAHARAUSDT', 'DMCUSDT', 'MAVUSDT', 'CUDISUSDT']
2025-07-08 10:59:14,043 - INFO - Loaded historical data for 5 symbols
2025-07-08 10:59:14,043 - INFO - Starting Open Interest Monitor...
2025-07-08 10:59:14,043 - INFO - Monitoring interval: 900 seconds
2025-07-08 10:59:14,043 - INFO - Spike threshold: 5.0%
2025-07-08 10:59:15,150 - INFO - Telegram message sent successfully
2025-07-08 10:59:15,151 - INFO - Starting monitoring cycle...
2025-07-08 10:59:21,200 - INFO - Telegram message sent successfully
2025-07-08 10:59:21,201 - INFO - Sent alert for MILKUSDT on binance: -13.74%
2025-07-08 10:59:22,112 - INFO - Telegram message sent successfully
2025-07-08 10:59:22,113 - INFO - Sent alert for HUSDT on binance: -48.51%
2025-07-08 10:59:23,034 - INFO - Telegram message sent successfully
2025-07-08 10:59:23,035 - INFO - Sent alert for SAHARAUSDT on binance: -9.91%
2025-07-08 10:59:23,970 - INFO - Telegram message sent successfully
2025-07-08 10:59:23,970 - INFO - Sent alert for DMCUSDT on binance: -58.62%
2025-07-08 10:59:24,896 - INFO - Telegram message sent successfully
2025-07-08 10:59:24,938 - INFO - Monitoring cycle completed. Processed 5 symbols, generated 4 alerts
2025-07-08 11:34:27,086 - INFO - Loaded token config: {'exchange': 'binance', 'symbol': 'MAV/USDT'}
2025-07-08 11:34:27,086 - INFO - Extracted single symbol: ['MAVUSDT']
2025-07-08 11:34:27,086 - INFO - Monitoring specific tokens: ['MAVUSDT']
2025-07-08 11:34:27,087 - INFO - Loaded historical data for 5 symbols
2025-07-08 11:34:27,087 - INFO - Starting Open Interest Monitor...
2025-07-08 11:34:27,087 - INFO - Monitoring interval: 900 seconds
2025-07-08 11:34:27,087 - INFO - Spike threshold: 5.0%
2025-07-08 11:34:57,360 - ERROR - Error sending Telegram message: Connection timeout to host https://api.telegram.org/bot7689898274:AAFpBgsn4w1MNyIlEk1ygBvy0ep_VJhjdGE/sendMessage
2025-07-08 11:34:57,361 - INFO - Starting monitoring cycle...
2025-07-08 11:34:58,656 - INFO - Monitoring cycle completed. Processed 1 symbols, generated 0 alerts
2025-07-08 11:35:28,360 - INFO - Loaded token config: {'exchange': 'binance', 'symbol': 'MAV/USDT'}
2025-07-08 11:35:28,360 - INFO - Extracted single symbol: ['MAVUSDT']
2025-07-08 11:35:28,360 - INFO - Monitoring specific tokens: ['MAVUSDT']
2025-07-08 11:35:28,360 - INFO - Loaded historical data for 5 symbols
2025-07-08 11:35:28,361 - INFO - Starting Open Interest Monitor...
2025-07-08 11:35:28,361 - INFO - Monitoring interval: 900 seconds
2025-07-08 11:35:28,361 - INFO - Spike threshold: 5.0%
2025-07-08 11:35:30,076 - INFO - Telegram message sent successfully
2025-07-08 11:35:30,077 - INFO - Starting monitoring cycle...
2025-07-08 11:35:31,506 - INFO - Monitoring cycle completed. Processed 1 symbols, generated 0 alerts
